Build started 7/11/2016 22:12:07.
     1>Project "F:\Proyecyos_git\AES-Criptolib\ProyectoCryptlib\ProyectoCryptlib\ProyectoCryptlib.vcxproj" on node 2 (Rebuild target(s)).
     1>C:\Program Files (x86)\MSBuild\Microsoft.Cpp\v4.0\V120\Microsoft.CppClean.targets(76,5): warning : Access to the path 'f:\proyecyos_git\aes-criptolib\proyectocryptlib\debug\proyectocryptlib.exe' is denied.
     1>ClCompile:
         C:\Program Files (x86)\Microsoft Visual Studio 12.0\VC\bin\CL.exe /c /ZI /nologo /W3 /WX- /Od /Oy- /D WIN32 /D _DEBUG /D _CONSOLE /D _LIB /D _UNICODE /D UNICODE /Gm /EHsc /RTC1 /MDd /GS /fp:precise /Zc:wchar_t /Zc:forScope /Fo"Debug\\" /Fd"Debug\vc120.pdb" /Gd /TP /analyze- /errorReport:prompt main.cpp
         main.cpp
     1>f:\proyecyos_git\aes-criptolib\proyectocryptlib\proyectocryptlib\main.cpp(69): warning C4996: 'getch': The POSIX name for this item is deprecated. Instead, use the ISO C++ conformant name: _getch. See online help for details.
                 c:\program files (x86)\microsoft visual studio 12.0\vc\include\conio.h(131) : see declaration of 'getch'
     1>f:\proyecyos_git\aes-criptolib\proyectocryptlib\proyectocryptlib\main.cpp(95): warning C4996: 'fopen': This function or variable may be unsafe. Consider using fopen_s instead. To disable deprecation, use _CRT_SECURE_NO_WARNINGS. See online help for details.
                 c:\program files (x86)\microsoft visual studio 12.0\vc\include\stdio.h(211) : see declaration of 'fopen'
     1>f:\proyecyos_git\aes-criptolib\proyectocryptlib\proyectocryptlib\main.cpp(101): warning C4996: 'strcat': This function or variable may be unsafe. Consider using strcat_s instead. To disable deprecation, use _CRT_SECURE_NO_WARNINGS. See online help for details.
                 c:\program files (x86)\microsoft visual studio 12.0\vc\include\string.h(118) : see declaration of 'strcat'
     1>f:\proyecyos_git\aes-criptolib\proyectocryptlib\proyectocryptlib\main.cpp(108): warning C4172: returning address of local variable or temporary
     1>f:\proyecyos_git\aes-criptolib\proyectocryptlib\proyectocryptlib\main.cpp(239): warning C4715: 'aplicarAES' : not all control paths return a value
       Link:
         C:\Program Files (x86)\Microsoft Visual Studio 12.0\VC\bin\link.exe /ERRORREPORT:PROMPT /OUT:"F:\Proyecyos_git\AES-Criptolib\ProyectoCryptlib\Debug\ProyectoCryptlib.exe" /INCREMENTAL /NOLOGO /LIBPATH:"C:\Users\Usuario\Documents\Visual Studio 2013\Projects\ProyectoCryptlib" kernel32.lib user32.lib gdi32.lib winspool.lib comdlg32.lib advapi32.lib shell32.lib ole32.lib oleaut32.lib uuid.lib odbc32.lib odbccp32.lib /MANIFEST /MANIFESTUAC:"level='asInvoker' uiAccess='false'" /manifest:embed /DEBUG /PDB:"F:\Proyecyos_git\AES-Criptolib\ProyectoCryptlib\Debug\ProyectoCryptlib.pdb" /SUBSYSTEM:CONSOLE /TLBID:1 /DYNAMICBASE /NXCOMPAT /IMPLIB:"F:\Proyecyos_git\AES-Criptolib\ProyectoCryptlib\Debug\ProyectoCryptlib.lib" /MACHINE:X86 CL32.LIB Debug\main.obj
         cl32.lib
     1>LINK : fatal error LNK1105: cannot close file 'F:\Proyecyos_git\AES-Criptolib\ProyectoCryptlib\Debug\ProyectoCryptlib.exe'
     1>Done Building Project "F:\Proyecyos_git\AES-Criptolib\ProyectoCryptlib\ProyectoCryptlib\ProyectoCryptlib.vcxproj" (Rebuild target(s)) -- FAILED.

Build FAILED.

Time Elapsed 00:00:01.69
