Compilación iniciada a las 01/11/2015 18:04:43.
     1>Proyecto "C:\Users\diego\Desktop\ProyectoCryptlib\ProyectoCryptlib\ProyectoCryptlib\ProyectoCryptlib.vcxproj" en el nodo 2 (Build destinos).
     1>ClCompile:
         C:\Program Files (x86)\Microsoft Visual Studio 12.0\VC\bin\CL.exe /c /ZI /nologo /W3 /WX- /Od /Oy- /D WIN32 /D _DEBUG /D _CONSOLE /D _LIB /D _UNICODE /D UNICODE /Gm /EHsc /RTC1 /MDd /GS /fp:precise /Zc:wchar_t /Zc:forScope /Fo"Debug\\" /Fd"Debug\vc120.pdb" /Gd /TP /analyze- /errorReport:prompt main.cpp
         main.cpp
     1>c:\users\diego\desktop\proyectocryptlib\proyectocryptlib\proyectocryptlib\main.cpp(59): warning C4996: 'getch': The POSIX name for this item is deprecated. Instead, use the ISO C++ conformant name: _getch. See online help for details.
                 c:\program files (x86)\microsoft visual studio 12.0\vc\include\conio.h(131) : vea la declaración de 'getch'
     1>c:\users\diego\desktop\proyectocryptlib\proyectocryptlib\proyectocryptlib\main.cpp(85): warning C4996: 'fopen': This function or variable may be unsafe. Consider using fopen_s instead. To disable deprecation, use _CRT_SECURE_NO_WARNINGS. See online help for details.
                 c:\program files (x86)\microsoft visual studio 12.0\vc\include\stdio.h(211) : vea la declaración de 'fopen'
     1>c:\users\diego\desktop\proyectocryptlib\proyectocryptlib\proyectocryptlib\main.cpp(88): warning C4996: 'fscanf': This function or variable may be unsafe. Consider using fscanf_s instead. To disable deprecation, use _CRT_SECURE_NO_WARNINGS. See online help for details.
                 c:\program files (x86)\microsoft visual studio 12.0\vc\include\stdio.h(230) : vea la declaración de 'fscanf'
     1>c:\users\diego\desktop\proyectocryptlib\proyectocryptlib\proyectocryptlib\main.cpp(91): warning C4996: 'strcat': This function or variable may be unsafe. Consider using strcat_s instead. To disable deprecation, use _CRT_SECURE_NO_WARNINGS. See online help for details.
                 c:\program files (x86)\microsoft visual studio 12.0\vc\include\string.h(118) : vea la declaración de 'strcat'
     1>c:\users\diego\desktop\proyectocryptlib\proyectocryptlib\proyectocryptlib\main.cpp(92): warning C4996: 'fscanf': This function or variable may be unsafe. Consider using fscanf_s instead. To disable deprecation, use _CRT_SECURE_NO_WARNINGS. See online help for details.
                 c:\program files (x86)\microsoft visual studio 12.0\vc\include\stdio.h(230) : vea la declaración de 'fscanf'
     1>c:\users\diego\desktop\proyectocryptlib\proyectocryptlib\proyectocryptlib\main.cpp(94): warning C4172: devolución de dirección de la variable local o temporal
     1>c:\users\diego\desktop\proyectocryptlib\proyectocryptlib\proyectocryptlib\main.cpp(227): warning C4715: 'aplicarAES' : no todas las rutas de acceso de control devuelven un valor
       Link:
         C:\Program Files (x86)\Microsoft Visual Studio 12.0\VC\bin\link.exe /ERRORREPORT:PROMPT /OUT:"C:\Users\diego\Desktop\ProyectoCryptlib\ProyectoCryptlib\Debug\ProyectoCryptlib.exe" /INCREMENTAL /NOLOGO /LIBPATH:"C:\Users\Usuario\Documents\Visual Studio 2013\Projects\ProyectoCryptlib" kernel32.lib user32.lib gdi32.lib winspool.lib comdlg32.lib advapi32.lib shell32.lib ole32.lib oleaut32.lib uuid.lib odbc32.lib odbccp32.lib /MANIFEST /MANIFESTUAC:"level='asInvoker' uiAccess='false'" /manifest:embed /DEBUG /PDB:"C:\Users\diego\Desktop\ProyectoCryptlib\ProyectoCryptlib\Debug\ProyectoCryptlib.pdb" /SUBSYSTEM:CONSOLE /TLBID:1 /DYNAMICBASE /NXCOMPAT /IMPLIB:"C:\Users\diego\Desktop\ProyectoCryptlib\ProyectoCryptlib\Debug\ProyectoCryptlib.lib" /MACHINE:X86 CL32.LIB Debug\main.obj
         cl32.lib
         ProyectoCryptlib.vcxproj -> C:\Users\diego\Desktop\ProyectoCryptlib\ProyectoCryptlib\Debug\ProyectoCryptlib.exe
     1>Compilación del proyecto terminada "C:\Users\diego\Desktop\ProyectoCryptlib\ProyectoCryptlib\ProyectoCryptlib\ProyectoCryptlib.vcxproj" (Build destinos).

Compilación correcta.

Tiempo transcurrido 00:00:00.91
